<?xml version="1.0" encoding="UTF-8"?>
<!-- Generated by org.testng.reporters.JUnitXMLReporter -->
<testsuite ignored="0" hostname="rc" failures="1" tests="1" name="Myntra Product Purchase Flow Test" time="9.435" errors="0" timestamp="2025-07-29T20:40:19 IST">
  <testcase classname="io.cucumber.testng.AbstractTestNGCucumberTests" name="runScenario" time="7.489">
    <failure type="java.lang.NullPointerException">
      <![CDATA[java.lang.NullPointerException
at java.base/java.util.Objects.requireNonNull(Objects.java:233)
at java.base/java.util.ImmutableCollections$Map1.<init>(ImmutableCollections.java:1112)
at java.base/java.util.Map.of(Map.java:1365)
at org.openqa.selenium.remote.DriverCommand.GET(DriverCommand.java:180)
at org.openqa.selenium.remote.RemoteWebDriver.get(RemoteWebDriver.java:300)
at com.myntra.automation.base.BaseTest.initialization(BaseTest.java:62)
at com.myntra.automation.stepdefinitions.MyntraStepDefinitions.setUp(MyntraStepDefinitions.java:28)
]]>
    </failure>
  </testcase> <!-- runScenario -->
</testsuite> <!-- Myntra Product Purchase Flow Test -->
