<?xml version="1.0" encoding="UTF-8"?>
<testsuite xmlns:xsi="http://www.w3.org/2001/XMLSchema-instance" xsi:noNamespaceSchemaLocation="https://maven.apache.org/surefire/maven-surefire-plugin/xsd/surefire-test-report-3.0.xsd" version="3.0" name="TestSuite" time="31.435" tests="1" errors="0" skipped="0" failures="0">
  <properties>
[...]
</properties>
  <testcase name="runScenario[&quot;User searches for a product and successfully adds it to the bag&quot;, &quot;Myntra Product Purchase Flow&quot;](1)" classname="com.myntra.automation.runners.TestRunner" time="28.02">
    <system-out><![CDATA[...
... TestNG 7.10.2 by Cédric Beust (cedric@beust.com)
...


Scenario: User searches for a product and successfully adds it to the bag # src/test/resources/features/MyntraFlow.feature:4
  Given I am on the Myntra homepage                                       # com.myntra.automation.stepdefinitions.MyntraStepDefinitions.i_am_on_the_myntra_homepage()
  When I search for "shirts"                                              # com.myntra.automation.stepdefinitions.MyntraStepDefinitions.i_search_for(java.lang.String)
  And I click on the second product from the search results               # com.myntra.automation.stepdefinitions.MyntraStepDefinitions.i_click_on_the_second_product_from_the_search_results()
  And I switch to the new tab                                             # com.myntra.automation.stepdefinitions.MyntraStepDefinitions.i_switch_to_the_new_tab()
Searching for ONLY CLICKABLE/ENABLED size buttons...
Found 4 available sizes. Clicking the first one.
SUCCESS: A size was selected successfully.
  And I select a size for the product                                     # com.myntra.automation.stepdefinitions.MyntraStepDefinitions.i_select_a_size_for_the_product()
Clicked on 'Add to Bag' using JavaScript.
CONFIRMATION SUCCESS: 'Add to Bag' button has changed to 'GO TO BAG'.
  And I click on "ADD TO BAG"                                             # com.myntra.automation.stepdefinitions.MyntraStepDefinitions.i_click_on(java.lang.String)
Navigating to Bag.
  And I go to the Shopping Bag                                            # com.myntra.automation.stepdefinitions.MyntraStepDefinitions.i_go_to_the_shopping_bag()
Verification SUCCESS: Product is visible in the cart.
TEST SCENARIO PASSED: Product successfully added to cart and verified.
  Then I should be on the Shopping Bag page                               # com.myntra.automation.stepdefinitions.MyntraStepDefinitions.i_should_be_on_the_shopping_bag_page()
]]></system-out>
    <system-err><![CDATA[SLF4J: Failed to load class "org.slf4j.impl.StaticLoggerBinder".
SLF4J: Defaulting to no-operation (NOP) logger implementation
SLF4J: See http://www.slf4j.org/codes.html#StaticLoggerBinder for further details.
Jul 27, 2025 10:54:00 PM org.openqa.selenium.devtools.CdpVersionFinder findNearestMatch
WARNING: Unable to find CDP implementation matching 138
Jul 27, 2025 10:54:00 PM org.openqa.selenium.chromium.ChromiumDriver lambda$new$5
WARNING: Unable to find version of CDP to use for 138.0.7204.169. You may need to include a dependency on a specific version of the CDP using something similar to `org.seleniumhq.selenium:selenium-devtools-v86:4.22.0` where the version ("v86") matches the version of the chromium-based browser you're using and the version number of the artifact is the same as Selenium's.
]]></system-err>
  </testcase>
</testsuite>