<?xml version="1.0" encoding="UTF-8"?>
<testng-results ignored="0" total="1" passed="1" failed="0" skipped="0">
  <reporter-output>
  </reporter-output>
  <suite started-at="2025-07-27T22:53:54 IST" name="Myntra Automation Test Suite" finished-at="2025-07-27T22:54:24 IST" duration-ms="30195">
    <groups>
      <group name="cucumber">
        <method signature="AbstractTestNGCucumberTests.runScenario(io.cucumber.testng.PickleWrapper,io.cucumber.testng.FeatureWrapper)[pri:0, instance:com.myntra.automation.runners.TestRunner@223191a6]" name="runScenario" class="io.cucumber.testng.AbstractTestNGCucumberTests"/>
      </group> <!-- cucumber -->
    </groups>
    <test started-at="2025-07-27T22:53:54 IST" name="Myntra Product Purchase Flow Test" finished-at="2025-07-27T22:54:24 IST" duration-ms="30195">
      <class name="com.myntra.automation.runners.TestRunner">
        <test-method is-config="true" signature="setUpClass(org.testng.ITestContext)[pri:0, instance:com.myntra.automation.runners.TestRunner@223191a6]" started-at="2025-07-27T22:53:54 IST" name="setUpClass" finished-at="2025-07-27T22:53:55 IST" duration-ms="1232" status="PASS">
          <params>
            <param index="0">
              <value>
                <![CDATA[org.testng.TestRunner@235d29d6]]>
              </value>
            </param>
          </params>
          <reporter-output>
          </reporter-output>
        </test-method> <!-- setUpClass -->
        <test-method signature="runScenario(io.cucumber.testng.PickleWrapper,io.cucumber.testng.FeatureWrapper)[pri:0, instance:com.myntra.automation.runners.TestRunner@223191a6]" started-at="2025-07-27T22:53:55 IST" name="runScenario" description="Runs Cucumber Scenarios" data-provider="scenarios" finished-at="2025-07-27T22:54:23 IST" duration-ms="27861" status="PASS">
          <params>
            <param index="0">
              <value>
                <![CDATA["User searches for a product and successfully adds it to the bag"]]>
              </value>
            </param>
            <param index="1">
              <value>
                <![CDATA["Myntra Product Purchase Flow"]]>
              </value>
            </param>
          </params>
          <reporter-output>
          </reporter-output>
        </test-method> <!-- runScenario -->
        <test-method is-config="true" signature="tearDownClass()[pri:0, instance:com.myntra.automation.runners.TestRunner@223191a6]" started-at="2025-07-27T22:54:23 IST" name="tearDownClass" finished-at="2025-07-27T22:54:24 IST" duration-ms="1015" status="PASS">
          <reporter-output>
          </reporter-output>
        </test-method> <!-- tearDownClass -->
      </class> <!-- com.myntra.automation.runners.TestRunner -->
    </test> <!-- Myntra Product Purchase Flow Test -->
  </suite> <!-- Myntra Automation Test Suite -->
</testng-results>
