<?xml version="1.0" encoding="UTF-8"?>
<testng-results ignored="0" total="1" passed="0" failed="1" skipped="0">
  <reporter-output>
  </reporter-output>
  <suite started-at="2025-07-29T20:40:09 IST" name="Myntra Automation Test Suite" finished-at="2025-07-29T20:40:19 IST" duration-ms="9435">
    <groups>
      <group name="cucumber">
        <method signature="AbstractTestNGCucumberTests.runScenario(io.cucumber.testng.PickleWrapper,io.cucumber.testng.FeatureWrapper)[pri:0, instance:com.myntra.automation.runners.TestRunner@223191a6]" name="runScenario" class="io.cucumber.testng.AbstractTestNGCucumberTests"/>
      </group> <!-- cucumber -->
    </groups>
    <test started-at="2025-07-29T20:40:09 IST" name="Myntra Product Purchase Flow Test" finished-at="2025-07-29T20:40:19 IST" duration-ms="9435">
      <class name="com.myntra.automation.runners.TestRunner">
        <test-method is-config="true" signature="setUpClass(org.testng.ITestContext)[pri:0, instance:com.myntra.automation.runners.TestRunner@223191a6]" started-at="2025-07-29T20:40:09 IST" name="setUpClass" finished-at="2025-07-29T20:40:10 IST" duration-ms="1213" status="PASS">
          <params>
            <param index="0">
              <value>
                <![CDATA[org.testng.TestRunner@59072e9d]]>
              </value>
            </param>
          </params>
          <reporter-output>
          </reporter-output>
        </test-method> <!-- setUpClass -->
        <test-method signature="runScenario(io.cucumber.testng.PickleWrapper,io.cucumber.testng.FeatureWrapper)[pri:0, instance:com.myntra.automation.runners.TestRunner@223191a6]" started-at="2025-07-29T20:40:10 IST" name="runScenario" description="Runs Cucumber Scenarios" data-provider="scenarios" finished-at="2025-07-29T20:40:18 IST" duration-ms="7489" status="FAIL">
          <params>
            <param index="0">
              <value>
                <![CDATA["User searches for a product and successfully adds it to the bag"]]>
              </value>
            </param>
            <param index="1">
              <value>
                <![CDATA["Myntra Product Purchase Flow"]]>
              </value>
            </param>
          </params>
          <exception class="java.lang.NullPointerException">
            <full-stacktrace>
              <![CDATA[java.lang.NullPointerException
at java.base/java.util.Objects.requireNonNull(Objects.java:233)
at java.base/java.util.ImmutableCollections$Map1.<init>(ImmutableCollections.java:1112)
at java.base/java.util.Map.of(Map.java:1365)
at org.openqa.selenium.remote.DriverCommand.GET(DriverCommand.java:180)
at org.openqa.selenium.remote.RemoteWebDriver.get(RemoteWebDriver.java:300)
at com.myntra.automation.base.BaseTest.initialization(BaseTest.java:62)
at com.myntra.automation.stepdefinitions.MyntraStepDefinitions.setUp(MyntraStepDefinitions.java:28)
]]>
            </full-stacktrace>
          </exception> <!-- java.lang.NullPointerException -->
          <reporter-output>
          </reporter-output>
        </test-method> <!-- runScenario -->
        <test-method is-config="true" signature="tearDownClass()[pri:0, instance:com.myntra.automation.runners.TestRunner@223191a6]" started-at="2025-07-29T20:40:18 IST" name="tearDownClass" finished-at="2025-07-29T20:40:19 IST" duration-ms="646" status="PASS">
          <reporter-output>
          </reporter-output>
        </test-method> <!-- tearDownClass -->
      </class> <!-- com.myntra.automation.runners.TestRunner -->
    </test> <!-- Myntra Product Purchase Flow Test -->
  </suite> <!-- Myntra Automation Test Suite -->
</testng-results>
